# JRE version: OpenJDK Runtime Environment Temurin-17.0.6+10 (17.0.6+10) (build 17.0.6+10)
# Java VM: OpenJDK 64-Bit Server VM Temurin-17.0.6+10 (17.0.6+10, mixed mode, tiered, compressed oops, compressed class ptrs, g1 gc, windows-amd64)
GC Precious Log:
 CPUs: 12 total, 12 available
 Memory: 5989M
 Large Page Support: Disabled
 NUMA Support: Disabled
 Compressed Oops: Enabled (32-bit)
 Heap Region Size: 1M
 Heap Min Capacity: 8M
 Heap Initial Capacity: 94M
 Heap Max Capacity: 1498M
 Pre-touch: Disabled
 Parallel Workers: 10
 Concurrent Workers: 3
 Concurrent Refinement Workers: 10
 Periodic GC: Disabled
Heap:
 garbage-first heap   total 176128K, used 119929K [0x00000000a2600000, 0x0000000100000000)
  region size 1024K, 32 young (32768K), 6 survivors (6144K)
 Metaspace       used 45078K, committed 45504K, reserved 1097728K
  class space    used 4808K, committed 4992K, reserved 1048576K
GC Heap History (20 events):
Event: 7.361 GC heap before
{Heap before GC invocations=21 (full 0):
 garbage-first heap   total 87040K, used 65536K [0x00000000a2600000, 0x0000000100000000)
  region size 1024K, 17 young (17408K), 3 survivors (3072K)
 Metaspace       used 34016K, committed 34240K, reserved 1081344K
  class space    used 3559K, committed 3648K, reserved 1048576K
}
Event: 7.367 GC heap after
{Heap after GC invocations=22 (full 0):
 garbage-first heap   total 87040K, used 53766K [0x00000000a2600000, 0x0000000100000000)
  region size 1024K, 3 young (3072K), 3 survivors (3072K)
 Metaspace       used 34016K, committed 34240K, reserved 1081344K
  class space    used 3559K, committed 3648K, reserved 1048576K
}
Event: 7.516 GC heap before
{Heap before GC invocations=23 (full 0):
 garbage-first heap   total 96256K, used 68102K [0x00000000a2600000, 0x0000000100000000)
  region size 1024K, 16 young (16384K), 3 survivors (3072K)
 Metaspace       used 34264K, committed 34496K, reserved 1081344K
  class space    used 3567K, committed 3648K, reserved 1048576K
}
Event: 7.524 GC heap after
{Heap after GC invocations=24 (full 0):
 garbage-first heap   total 96256K, used 57344K [0x00000000a2600000, 0x0000000100000000)
  region size 1024K, 2 young (2048K), 2 survivors (2048K)
 Metaspace       used 34264K, committed 34496K, reserved 1081344K
  class space    used 3567K, committed 3648K, reserved 1048576K
}
Event: 7.547 GC heap before
{Heap before GC invocations=24 (full 0):
 garbage-first heap   total 96256K, used 58368K [0x00000000a2600000, 0x0000000100000000)
  region size 1024K, 4 young (4096K), 2 survivors (2048K)
 Metaspace       used 34365K, committed 34688K, reserved 1081344K
  class space    used 3582K, committed 3712K, reserved 1048576K
}
Event: 7.553 GC heap after
{Heap after GC invocations=25 (full 0):
 garbage-first heap   total 96256K, used 57799K [0x00000000a2600000, 0x0000000100000000)
  region size 1024K, 1 young (1024K), 1 survivors (1024K)
 Metaspace       used 34365K, committed 34688K, reserved 1081344K
  class space    used 3582K, committed 3712K, reserved 1048576K
}
Event: 7.978 GC heap before
{Heap before GC invocations=25 (full 0):
 garbage-first heap   total 96256K, used 72135K [0x00000000a2600000, 0x0000000100000000)
  region size 1024K, 16 young (16384K), 1 survivors (1024K)
 Metaspace       used 35367K, committed 35648K, reserved 1081344K
  class space    used 3704K, committed 3776K, reserved 1048576K
}
Event: 7.983 GC heap after
{Heap after GC invocations=26 (full 0):
 garbage-first heap   total 176128K, used 58289K [0x00000000a2600000, 0x0000000100000000)
  region size 1024K, 1 young (1024K), 1 survivors (1024K)
 Metaspace       used 35367K, committed 35648K, reserved 1081344K
  class space    used 3704K, committed 3776K, reserved 1048576K
}
Event: 8.757 GC heap before
{Heap before GC invocations=27 (full 0):
 garbage-first heap   total 176128K, used 110513K [0x00000000a2600000, 0x0000000100000000)
  region size 1024K, 53 young (54272K), 1 survivors (1024K)
 Metaspace       used 38170K, committed 38528K, reserved 1089536K
  class space    used 4038K, committed 4224K, reserved 1048576K
}
Event: 8.762 GC heap after
{Heap after GC invocations=28 (full 0):
 garbage-first heap   total 176128K, used 59756K [0x00000000a2600000, 0x0000000100000000)
  region size 1024K, 3 young (3072K), 3 survivors (3072K)
 Metaspace       used 38170K, committed 38528K, reserved 1089536K
  class space    used 4038K, committed 4224K, reserved 1048576K
}
Event: 8.886 GC heap before
{Heap before GC invocations=28 (full 0):
 garbage-first heap   total 176128K, used 63852K [0x00000000a2600000, 0x0000000100000000)
  region size 1024K, 8 young (8192K), 3 survivors (3072K)
 Metaspace       used 38503K, committed 38848K, reserved 1089536K
  class space    used 4061K, committed 4224K, reserved 1048576K
}
Event: 8.891 GC heap after
{Heap after GC invocations=29 (full 0):
 garbage-first heap   total 176128K, used 59860K [0x00000000a2600000, 0x0000000100000000)
  region size 1024K, 1 young (1024K), 1 survivors (1024K)
 Metaspace       used 38503K, committed 38848K, reserved 1089536K
  class space    used 4061K, committed 4224K, reserved 1048576K
}
Event: 9.824 GC heap before
{Heap before GC invocations=29 (full 0):
 garbage-first heap   total 176128K, used 141780K [0x00000000a2600000, 0x0000000100000000)
  region size 1024K, 75 young (76800K), 1 survivors (1024K)
 Metaspace       used 38789K, committed 39104K, reserved 1089536K
  class space    used 4070K, committed 4224K, reserved 1048576K
}
Event: 9.835 GC heap after
{Heap after GC invocations=30 (full 0):
 garbage-first heap   total 176128K, used 83043K [0x00000000a2600000, 0x0000000100000000)
  region size 1024K, 10 young (10240K), 10 survivors (10240K)
 Metaspace       used 38789K, committed 39104K, reserved 1089536K
  class space    used 4070K, committed 4224K, reserved 1048576K
}
Event: 10.537 GC heap before
{Heap before GC invocations=30 (full 0):
 garbage-first heap   total 176128K, used 129123K [0x00000000a2600000, 0x0000000100000000)
  region size 1024K, 56 young (57344K), 10 survivors (10240K)
 Metaspace       used 40117K, committed 40512K, reserved 1089536K
  class space    used 4223K, committed 4416K, reserved 1048576K
}
Event: 10.544 GC heap after
{Heap after GC invocations=31 (full 0):
 garbage-first heap   total 176128K, used 88906K [0x00000000a2600000, 0x0000000100000000)
  region size 1024K, 5 young (5120K), 5 survivors (5120K)
 Metaspace       used 40117K, committed 40512K, reserved 1089536K
  class space    used 4223K, committed 4416K, reserved 1048576K
}
Event: 11.135 GC heap before
{Heap before GC invocations=31 (full 0):
 garbage-first heap   total 176128K, used 133962K [0x00000000a2600000, 0x0000000100000000)
  region size 1024K, 49 young (50176K), 5 survivors (5120K)
 Metaspace       used 41290K, committed 41728K, reserved 1089536K
  class space    used 4310K, committed 4544K, reserved 1048576K
}
Event: 11.141 GC heap after
{Heap after GC invocations=32 (full 0):
 garbage-first heap   total 176128K, used 90807K [0x00000000a2600000, 0x0000000100000000)
  region size 1024K, 3 young (3072K), 3 survivors (3072K)
 Metaspace       used 41290K, committed 41728K, reserved 1089536K
  class space    used 4310K, committed 4544K, reserved 1048576K
}
Event: 11.902 GC heap before
{Heap before GC invocations=32 (full 0):
 garbage-first heap   total 176128K, used 153271K [0x00000000a2600000, 0x0000000100000000)
  region size 1024K, 48 young (49152K), 3 survivors (3072K)
 Metaspace       used 43611K, committed 44032K, reserved 1089536K
  class space    used 4613K, committed 4800K, reserved 1048576K
}
Event: 11.907 GC heap after
{Heap after GC invocations=33 (full 0):
 garbage-first heap   total 176128K, used 93305K [0x00000000a2600000, 0x0000000100000000)
  region size 1024K, 6 young (6144K), 6 survivors (6144K)
 Metaspace       used 43611K, committed 44032K, reserved 1089536K
  class space    used 4613K, committed 4800K, reserved 1048576K
}

